0 info it worked if it ends with ok
1 verbose cli [ 'C:\\Program Files\\nodejs\\node.exe',
1 verbose cli   'C:\\Program Files\\nodejs\\node_modules\\npm\\bin\\npm-cli.js',
1 verbose cli   'start' ]
2 info using npm@3.3.6
3 info using node@v5.0.0
4 verbose run-script [ 'prestart', 'start', 'poststart' ]
5 info lifecycle template@0.0.1~prestart: template@0.0.1
6 silly lifecycle template@0.0.1~prestart: no script for prestart, continuing
7 info lifecycle template@0.0.1~start: template@0.0.1
8 verbose lifecycle template@0.0.1~start: unsafe-perm in lifecycle true
9 verbose lifecycle template@0.0.1~start: PATH: C:\Program Files\nodejs\node_modules\npm\bin\node-gyp-bin;C:\Repositories\OpenshiftTemplate\node_modules\.bin;C:\Users\Ohjelmistokehitys\bin;C:\Program Files\Git\mingw64\bin;C:\Program Files\Git\usr\local\bin;C:\Program Files\Git\usr\bin;C:\Program Files\Git\usr\bin;C:\Program Files\Git\mingw64\bin;C:\Program Files\Git\usr\bin;C:\ProgramData\Oracle\Java\javapath;C:\Windows\system32;C:\Windows;C:\Windows\System32\Wbem;C:\Windows\System32\WindowsPowerShell\v1.0;C:\Program Files\nodejs;C:\Program Files\Git\cmd;C:\Program Files (x86)\Brackets\command;C:\Windows\system32\config\systemprofile\.dnx\bin;C:\Program Files\Microsoft DNX\Dnvm;C:\Program Files\Microsoft SQL Server\120\Tools\Binn;C:\Program Files\Microsoft SQL Server\Client SDK\ODBC\110\Tools\Binn;C:\Program Files (x86)\Microsoft SQL Server\120\Tools\Binn;C:\Program Files\Microsoft SQL Server\120\DTS\Binn;C:\Program Files (x86)\Microsoft SQL Server\120\Tools\Binn\ManagementStudio;C:\Program Files (x86)\Microsoft SQL Server\120\DTS\Binn;C:\Program Files\Microsoft\Web Platform Installer;C:\Users\Ohjelmistokehitys\.dnx\bin;C:\Users\Ohjelmistokehitys\AppData\Roaming\npm;C:\Program Files\Git\usr\bin\vendor_perl;C:\Program Files\Git\usr\bin\core_perl
10 verbose lifecycle template@0.0.1~start: CWD: C:\Repositories\OpenshiftTemplate
11 silly lifecycle template@0.0.1~start: Args: [ '/d /s /c', 'node: server.js' ]
12 silly lifecycle template@0.0.1~start: Returned: code: 1  signal: null
13 info lifecycle template@0.0.1~start: Failed to exec start script
14 verbose stack Error: template@0.0.1 start: `node: server.js`
14 verbose stack Exit status 1
14 verbose stack     at EventEmitter.<anonymous> (C:\Program Files\nodejs\node_modules\npm\lib\utils\lifecycle.js:233:16)
14 verbose stack     at emitTwo (events.js:87:13)
14 verbose stack     at EventEmitter.emit (events.js:172:7)
14 verbose stack     at ChildProcess.<anonymous> (C:\Program Files\nodejs\node_modules\npm\lib\utils\spawn.js:24:14)
14 verbose stack     at emitTwo (events.js:87:13)
14 verbose stack     at ChildProcess.emit (events.js:172:7)
14 verbose stack     at maybeClose (internal/child_process.js:818:16)
14 verbose stack     at Process.ChildProcess._handle.onexit (internal/child_process.js:211:5)
15 verbose pkgid template@0.0.1
16 verbose cwd C:\Repositories\OpenshiftTemplate
17 error Windows_NT 6.3.9600
18 error argv "C:\\Program Files\\nodejs\\node.exe" "C:\\Program Files\\nodejs\\node_modules\\npm\\bin\\npm-cli.js" "start"
19 error node v5.0.0
20 error npm  v3.3.6
21 error code ELIFECYCLE
22 error template@0.0.1 start: `node: server.js`
22 error Exit status 1
23 error Failed at the template@0.0.1 start script 'node: server.js'.
23 error This is most likely a problem with the template package,
23 error not with npm itself.
23 error Tell the author that this fails on your system:
23 error     node: server.js
23 error You can get their info via:
23 error     npm owner ls template
23 error There is likely additional logging output above.
24 verbose exit [ 1, true ]
